
2016-12-21 18:43:16 INFO  - Name of class: AddWorkspaceProjectsMessage: Verify that is possible add a project on the workspace.
2016-12-21 18:45:40 INFO  - Name of class: TestCreateWorkspaceMessage: Verify that is possible create a Workspace.
2016-12-21 18:45:45 INFO  - Name of class: TestCreateWorkspaceMessage: Expect result: A new workspace was create success.
2016-12-21 18:51:36 INFO  - Name of class: CreateCommentTestMessage: Verify that is possible add a comment on the story.
2016-12-22 17:24:53 INFO  - Name of class: CreatePrivateProjectTestMessage: Verify that is possible add a private project.
2016-12-22 17:25:09 INFO  - Name of class: CreatePrivateProjectTestMessage: Expect result: The project was created is private.
2016-12-22 17:25:13 INFO  - Name of class: CreatePublicProjectTestMessage: Verify that is possible add a public project.
2016-12-22 17:25:22 INFO  - Name of class: CreatePrivateProjectTestMessage: Expect result: The project was created is public.
2016-12-22 17:25:27 INFO  - Name of class: ModifyProjectTestMessage: Verify that is possible modify the name of a project.
2016-12-22 17:25:39 INFO  - Name of class: ModifyProjectTestMessage: Expect result: The project has correctly changed its name.
2016-12-22 17:25:41 INFO  - Name of class: TestCreateAccountMessage: Verify that is possible a account.
2016-12-22 17:25:56 INFO  - Name of class: TestCreateAccountMessage: Expect result: The account was created.
2016-12-22 17:26:02 INFO  - Name of class: TestDeleteProjectMessage: Verify that is possible delete a project.
2016-12-22 17:26:09 INFO  - Name of class: TestDeleteProjectMessage: Test Delete Project
2016-12-22 17:26:21 INFO  - Name of class: TestDeleteProjectMessage: Expect result: the project was created does not exist
2016-12-22 17:42:38 INFO  - Name of class: CreatePrivateProjectTestMessage: Verify that is possible add a private project.
2016-12-22 17:44:28 INFO  - Name of class: CreatePrivateProjectTestMessage: Verify that is possible add a private project.
2016-12-22 17:44:48 INFO  - Name of class: CreatePrivateProjectTestMessage: Expect result: The project was created is private.
2016-12-22 17:44:51 INFO  - Name of class: CreatePublicProjectTestMessage: Verify that is possible add a public project.
2016-12-22 17:45:06 INFO  - Name of class: CreatePrivateProjectTestMessage: Expect result: The project was created is public.
2016-12-22 17:45:08 INFO  - Name of class: ModifyProjectTestMessage: Verify that is possible modify the name of a project.
2016-12-22 17:45:23 INFO  - Name of class: ModifyProjectTestMessage: Expect result: The project has correctly changed its name.
2016-12-22 17:45:26 INFO  - Name of class: TestCreateAccountMessage: Verify that is possible a account.
2016-12-22 17:45:38 INFO  - Name of class: TestCreateAccountMessage: Expect result: The account was created.
2016-12-22 17:45:40 INFO  - Name of class: TestDeleteProjectMessage: Verify that is possible delete a project.
2016-12-22 17:45:46 INFO  - Name of class: TestDeleteProjectMessage: Test Delete Project
2016-12-22 17:45:56 INFO  - Name of class: TestDeleteProjectMessage: Expect result: the project was created does not exist
2016-12-22 17:50:16 INFO  - Name of class: CreatePrivateProjectTestMessage: Verify that is possible add a private project.
2016-12-22 17:50:36 INFO  - Name of class: CreatePrivateProjectTestMessage: Expect result: The project was created is private.
2016-12-22 17:51:49 INFO  - Name of class: CreatePrivateProjectTestMessage: Verify that is possible add a private project.
2016-12-22 17:52:02 INFO  - Name of class: CreatePrivateProjectTestMessage: Expect result: The project was created is private.
2016-12-22 17:54:09 INFO  - Name of class: CreatePrivateProjectTestMessage: Verify that is possible add a private project.
2016-12-22 17:54:26 INFO  - Name of class: CreatePrivateProjectTestMessage: Expect result: The project was created is private.
2016-12-22 17:54:35 INFO  - Name of class: CreateStoryTestMessage: Verify that is possible create a Story on the project.
2016-12-22 17:54:41 INFO  - Name of class: CreateStoryTestMessage: Expect result: Story test was add on the project.
2016-12-22 17:54:53 INFO  - Name of class: TestCreateTaskMessage: Test create task
2016-12-22 17:55:00 INFO  - Name of class: TestCreateTaskMessage: Verify that the task is create correctly
2016-12-22 17:55:51 INFO  - Name of class: CreatePrivateProjectTestMessage: Verify that is possible add a private project.
2016-12-22 17:56:11 INFO  - Name of class: CreatePrivateProjectTestMessage: Expect result: The project was created is private.
2016-12-22 17:56:32 INFO  - Name of class: CreateStoryTestMessage: Verify that is possible create a Story on the project.
2016-12-22 17:56:38 INFO  - Name of class: CreateStoryTestMessage: Expect result: Story test was add on the project.
2016-12-22 17:56:50 INFO  - Name of class: TestCreateTaskMessage: Test create task
2016-12-22 18:17:23 INFO  - Name of class: CreatePrivateProjectTestMessage: Verify that is possible add a private project.
2016-12-22 18:17:38 INFO  - Name of class: CreatePrivateProjectTestMessage: Expect result: The project was created is private.
2016-12-22 18:17:48 INFO  - Name of class: CreateStoryTestMessage: Verify that is possible create a Story on the project.
2016-12-22 18:17:55 INFO  - Name of class: CreateStoryTestMessage: Expect result: Story test was add on the project.
2016-12-22 18:18:15 INFO  - Name of class: TestCreateTaskMessage: Test create task
2016-12-22 18:18:22 INFO  - Name of class: TestCreateTaskMessage: Verify that the task is create correctly
2016-12-22 18:21:06 INFO  - Name of class: CreatePrivateProjectTestMessage: Verify that is possible add a private project.
2016-12-22 18:21:21 INFO  - Name of class: CreatePrivateProjectTestMessage: Expect result: The project was created is private.
2016-12-22 18:22:17 INFO  - Name of class: CreatePrivateProjectTestMessage: Verify that is possible add a private project.
2016-12-22 18:22:36 INFO  - Name of class: CreatePrivateProjectTestMessage: Expect result: The project was created is private.
2016-12-22 18:44:21 INFO  - Name of class: CreatePrivateProjectTestMessage: Verify that is possible add a private project.
2016-12-22 18:44:38 INFO  - Name of class: CreatePrivateProjectTestMessage: Expect result: The project was created is private.
2016-12-22 18:45:13 INFO  - Name of class: CreatePrivateProjectTestMessage: Verify that is possible add a private project.
2016-12-22 18:45:28 INFO  - Name of class: CreatePrivateProjectTestMessage: Expect result: The project was created is private.
2016-12-22 18:48:13 INFO  - Name of class: CreatePrivateProjectTestMessage: Verify that is possible add a private project.
2016-12-22 18:48:26 INFO  - Name of class: CreatePrivateProjectTestMessage: Expect result: The project was created is private.
2016-12-22 18:56:17 INFO  - Name of class: CreatePrivateProjectTestMessage: Verify that is possible add a private project.
2016-12-22 18:56:31 INFO  - Name of class: CreatePrivateProjectTestMessage: Expect result: The project was created is private.
2016-12-22 18:56:39 INFO  - Name of class: CreateStoryTestMessage: Verify that is possible create a Story on the project.
2016-12-22 18:56:45 INFO  - Name of class: CreateStoryTestMessage: Expect result: Story test was add on the project.
2016-12-22 18:57:01 INFO  - Name of class: TestCreateTaskMessage: Test create task
2016-12-22 18:57:08 INFO  - Name of class: TestCreateTaskMessage: Verify that the task is create correctly
2016-12-22 18:57:18 INFO  - Name of class: TestCreateWorkspaceMessage: Verify that is possible create a Workspace.
2016-12-22 18:57:24 INFO  - Name of class: TestCreateWorkspaceMessage: Expect result: A new workspace was create success.
2016-12-22 18:59:49 INFO  - Name of class: CreatePrivateProjectTestMessage: Verify that is possible add a private project.
2016-12-22 19:00:04 INFO  - Name of class: CreatePrivateProjectTestMessage: Expect result: The project was created is private.
2016-12-22 19:00:14 INFO  - Name of class: CreateStoryTestMessage: Verify that is possible create a Story on the project.
2016-12-22 19:00:20 INFO  - Name of class: CreateStoryTestMessage: Expect result: Story test was add on the project.
2016-12-22 19:00:46 INFO  - Name of class: TestCreateTaskMessage: Test create task
2016-12-22 19:00:52 INFO  - Name of class: TestCreateTaskMessage: Verify that the task is create correctly
2016-12-22 19:01:04 INFO  - Name of class: TestCreateWorkspaceMessage: Verify that is possible create a Workspace.
2016-12-22 19:01:08 INFO  - Name of class: TestCreateWorkspaceMessage: Expect result: A new workspace was create success.
2016-12-22 19:04:09 INFO  - Name of class: CreatePrivateProjectTestMessage: Verify that is possible add a private project.
2016-12-22 19:04:25 INFO  - Name of class: CreatePrivateProjectTestMessage: Expect result: The project was created is private.
2016-12-22 19:04:35 INFO  - Name of class: CreateStoryTestMessage: Verify that is possible create a Story on the project.
2016-12-22 19:04:42 INFO  - Name of class: CreateStoryTestMessage: Expect result: Story test was add on the project.
2016-12-22 19:04:54 INFO  - Name of class: TestCreateTaskMessage: Test create task
2016-12-22 19:05:02 INFO  - Name of class: TestCreateTaskMessage: Verify that the task is create correctly
2016-12-22 19:05:19 INFO  - Name of class: TestCreateWorkspaceMessage: Verify that is possible create a Workspace.
2016-12-22 19:05:27 INFO  - Name of class: TestCreateWorkspaceMessage: Expect result: A new workspace was create success.
2016-12-22 19:07:17 INFO  - Name of class: CreatePrivateProjectTestMessage: Verify that is possible add a private project.
2016-12-22 19:07:34 INFO  - Name of class: CreatePrivateProjectTestMessage: Expect result: The project was created is private.
2016-12-22 19:07:40 INFO  - Name of class: CreateStoryTestMessage: Verify that is possible create a Story on the project.
2016-12-22 19:07:49 INFO  - Name of class: CreateStoryTestMessage: Expect result: Story test was add on the project.
2016-12-22 19:08:05 INFO  - Name of class: TestCreateTaskMessage: Test create task
2016-12-22 19:08:12 INFO  - Name of class: TestCreateTaskMessage: Verify that the task is create correctly
2016-12-22 19:09:23 INFO  - Name of class: CreatePrivateProjectTestMessage: Verify that is possible add a private project.
2016-12-22 19:09:36 INFO  - Name of class: CreatePrivateProjectTestMessage: Expect result: The project was created is private.
2016-12-22 19:09:44 INFO  - Name of class: CreateStoryTestMessage: Verify that is possible create a Story on the project.
2016-12-22 19:09:50 INFO  - Name of class: CreateStoryTestMessage: Expect result: Story test was add on the project.
2016-12-22 19:10:07 INFO  - Name of class: TestCreateWorkspaceMessage: Verify that is possible create a Workspace.
2016-12-22 19:10:10 INFO  - Name of class: TestCreateWorkspaceMessage: Expect result: A new workspace was create success.
2016-12-22 19:11:29 INFO  - Name of class: CreatePrivateProjectTestMessage: Verify that is possible add a private project.
2016-12-22 19:11:42 INFO  - Name of class: CreatePrivateProjectTestMessage: Expect result: The project was created is private.
2016-12-22 19:11:51 INFO  - Name of class: CreateStoryTestMessage: Verify that is possible create a Story on the project.
2016-12-22 19:11:57 INFO  - Name of class: CreateStoryTestMessage: Expect result: Story test was add on the project.
2016-12-22 19:12:11 INFO  - Name of class: TestCreateWorkspaceMessage: Verify that is possible create a Workspace.
2016-12-22 19:12:14 INFO  - Name of class: TestCreateWorkspaceMessage: Expect result: A new workspace was create success.
2016-12-22 19:20:11 INFO  - Name of class: CreatePrivateProjectTestMessage: Verify that is possible add a private project.
2016-12-22 19:20:26 INFO  - Name of class: CreatePrivateProjectTestMessage: Expect result: The project was created is private.
2016-12-22 19:20:37 INFO  - Name of class: CreateStoryTestMessage: Verify that is possible create a Story on the project.
2016-12-22 19:20:43 INFO  - Name of class: CreateStoryTestMessage: Expect result: Story test was add on the project.
2016-12-22 19:20:55 INFO  - Name of class: TestCreateWorkspaceMessage: Verify that is possible create a Workspace.
2016-12-22 19:20:58 INFO  - Name of class: TestCreateWorkspaceMessage: Expect result: A new workspace was create success.
2016-12-22 19:22:02 INFO  - Name of class: CreatePrivateProjectTestMessage: Verify that is possible add a private project.
2016-12-22 19:22:18 INFO  - Name of class: CreatePrivateProjectTestMessage: Expect result: The project was created is private.
2016-12-22 19:24:04 INFO  - Name of class: CreatePrivateProjectTestMessage: Verify that is possible add a private project.
2016-12-22 19:24:21 INFO  - Name of class: CreatePrivateProjectTestMessage: Expect result: The project was created is private.
2016-12-22 19:26:19 INFO  - Name of class: CreatePrivateProjectTestMessage: Verify that is possible add a private project.
2016-12-22 19:26:33 INFO  - Name of class: CreatePrivateProjectTestMessage: Expect result: The project was created is private.
2016-12-22 19:26:43 INFO  - Name of class: CreateStoryTestMessage: Verify that is possible create a Story on the project.
2016-12-22 19:26:53 INFO  - Name of class: CreateStoryTestMessage: Expect result: Story test was add on the project.
2016-12-22 19:27:23 INFO  - Name of class: TestCreateWorkspaceMessage: Verify that is possible create a Workspace.
2016-12-22 19:28:57 INFO  - Name of class: CreatePrivateProjectTestMessage: Verify that is possible add a private project.
2016-12-22 19:29:12 INFO  - Name of class: CreatePrivateProjectTestMessage: Expect result: The project was created is private.
2016-12-22 19:29:20 INFO  - Name of class: CreateStoryTestMessage: Verify that is possible create a Story on the project.
2016-12-22 19:29:27 INFO  - Name of class: CreateStoryTestMessage: Expect result: Story test was add on the project.
2016-12-22 19:31:15 INFO  - Name of class: CreateStoryTestMessage: Verify that is possible create a Story on the project.
2016-12-22 19:31:22 INFO  - Name of class: CreateStoryTestMessage: Expect result: Story test was add on the project.
2016-12-22 19:31:49 INFO  - Name of class: CreatePrivateProjectTestMessage: Verify that is possible add a private project.
2016-12-22 19:32:07 INFO  - Name of class: CreatePrivateProjectTestMessage: Expect result: The project was created is private.
2016-12-22 19:32:50 INFO  - Name of class: CreatePrivateProjectTestMessage: Verify that is possible add a private project.
2016-12-22 19:34:04 INFO  - Name of class: CreatePrivateProjectTestMessage: Expect result: The project was created is private.
2016-12-22 19:34:13 INFO  - Name of class: CreateStoryTestMessage: Verify that is possible create a Story on the project.
2016-12-22 19:34:19 INFO  - Name of class: CreateStoryTestMessage: Expect result: Story test was add on the project.
2016-12-22 19:37:41 INFO  - Name of class: CreatePrivateProjectTestMessage: Verify that is possible add a private project.
2016-12-22 19:37:53 INFO  - Name of class: CreatePrivateProjectTestMessage: Expect result: The project was created is private.
2016-12-22 19:38:04 INFO  - Name of class: CreateStoryTestMessage: Verify that is possible create a Story on the project.
2016-12-22 19:38:10 INFO  - Name of class: CreateStoryTestMessage: Expect result: Story test was add on the project.
2016-12-22 19:38:43 INFO  - Name of class: CreatePrivateProjectTestMessage: Verify that is possible add a private project.
2016-12-22 19:38:58 INFO  - Name of class: CreatePrivateProjectTestMessage: Expect result: The project was created is private.
2016-12-22 19:39:09 INFO  - Name of class: CreateStoryTestMessage: Verify that is possible create a Story on the project.
2016-12-22 19:39:15 INFO  - Name of class: CreateStoryTestMessage: Expect result: Story test was add on the project.
2016-12-22 19:40:08 INFO  - Name of class: CreatePrivateProjectTestMessage: Verify that is possible add a private project.
2016-12-22 19:40:29 INFO  - Name of class: CreatePrivateProjectTestMessage: Expect result: The project was created is private.
2016-12-22 19:40:36 INFO  - Name of class: CreateStoryTestMessage: Verify that is possible create a Story on the project.
2016-12-22 19:40:41 INFO  - Name of class: CreateStoryTestMessage: Expect result: Story test was add on the project.
2016-12-22 19:40:51 INFO  - Name of class: TestCreateTaskMessage: Test create task
2016-12-22 19:40:58 INFO  - Name of class: TestCreateTaskMessage: Verify that the task is create correctly
2016-12-22 19:58:21 INFO  - Name of class: CreatePrivateProjectTestMessage: Verify that is possible add a private project.
2016-12-22 19:58:36 INFO  - Name of class: CreatePrivateProjectTestMessage: Expect result: The project was created is private.
2016-12-22 19:58:40 INFO  - Name of class: CreatePublicProjectTestMessage: Verify that is possible add a public project.
2016-12-22 19:58:49 INFO  - Name of class: CreatePrivateProjectTestMessage: Expect result: The project was created is public.
2016-12-22 19:58:52 INFO  - Name of class: ModifyProjectTestMessage: Verify that is possible modify the name of a project.
2016-12-22 19:59:07 INFO  - Name of class: ModifyProjectTestMessage: Expect result: The project has correctly changed its name.
2016-12-22 19:59:09 INFO  - Name of class: TestCreateAccountMessage: Verify that is possible a account.
2016-12-22 19:59:23 INFO  - Name of class: TestCreateAccountMessage: Expect result: The account was created.
2016-12-22 19:59:25 INFO  - Name of class: TestDeleteProjectMessage: Verify that is possible delete a project.
2016-12-22 19:59:33 INFO  - Name of class: TestDeleteProjectMessage: Test Delete Project
2016-12-22 19:59:43 INFO  - Name of class: TestDeleteProjectMessage: Expect result: the project was created does not exist
2016-12-22 19:59:49 INFO  - Name of class: CreateStoryTestMessage: Verify that is possible create a Story on the project.
2016-12-22 19:59:56 INFO  - Name of class: CreateStoryTestMessage: Expect result: Story test was add on the project.
2016-12-22 20:00:13 INFO  - Name of class: CreateDescriptionTestMessage: Verify that is possible add a description on the story.
2016-12-22 20:00:19 INFO  - Name of class: CreateDescriptionTestMessage: Expect result: Description was add on the story.
2016-12-22 20:00:30 INFO  - Name of class: UpdateStoryEstimateTestMessage: Verify that is possible update estimate point in a Story.
2016-12-22 20:00:47 INFO  - Name of class: DeleteStoryTestMessage: Verify that is possible delete a story of a project.
2016-12-22 20:01:08 INFO  - Name of class: DeleteStoryTestMessage: Expect result: Story was remove from the projects.
2016-12-22 20:01:18 INFO  - Name of class: CreateCommentTestMessage: Verify that is possible add a comment on the story.
2016-12-22 20:01:25 INFO  - Name of class: CreateCommentTestMessage: Expect result: Comment test was add on the story.
2016-12-22 20:01:35 INFO  - Name of class: TestCreateTaskMessage: Test create task
2016-12-22 20:01:42 INFO  - Name of class: TestCreateTaskMessage: Verify that the task is create correctly
2016-12-22 20:01:53 INFO  - Name of class: testEditTaskMessage: Test edit task
2016-12-22 20:02:00 INFO  - Name of class: testEditTaskMessage: Verify that the task is edited correctly
2016-12-22 20:07:27 INFO  - Name of class: testCannotCreateTaskWithoutNameMessage: Test cannot create task WithoutName
2016-12-22 20:07:50 INFO  - Name of class: testCannotCreateTaskWithoutNameMessage: Verify that the task is not created if it has no name
2016-12-22 20:08:22 INFO  - Name of class: CreatePrivateProjectTestMessage: Verify that is possible add a private project.
2016-12-22 20:08:47 INFO  - Name of class: CreatePrivateProjectTestMessage: Expect result: The project was created is private.
2016-12-22 20:08:50 INFO  - Name of class: CreatePublicProjectTestMessage: Verify that is possible add a public project.
2016-12-22 20:09:13 INFO  - Name of class: CreatePrivateProjectTestMessage: Verify that is possible add a private project.
2016-12-22 20:09:28 INFO  - Name of class: CreatePrivateProjectTestMessage: Expect result: The project was created is private.
2016-12-22 20:09:31 INFO  - Name of class: CreatePublicProjectTestMessage: Verify that is possible add a public project.
2016-12-22 20:09:42 INFO  - Name of class: CreatePrivateProjectTestMessage: Expect result: The project was created is public.
2016-12-22 20:09:44 INFO  - Name of class: ModifyProjectTestMessage: Verify that is possible modify the name of a project.
2016-12-22 20:09:59 INFO  - Name of class: ModifyProjectTestMessage: Expect result: The project has correctly changed its name.
2016-12-22 20:10:01 INFO  - Name of class: TestCreateAccountMessage: Verify that is possible a account.
2016-12-22 20:10:12 INFO  - Name of class: TestCreateAccountMessage: Expect result: The account was created.
2016-12-22 20:10:23 INFO  - Name of class: TestDeleteProjectMessage: Verify that is possible delete a project.
2016-12-22 20:10:27 INFO  - Name of class: TestDeleteProjectMessage: Test Delete Project
2016-12-22 20:10:38 INFO  - Name of class: TestDeleteProjectMessage: Expect result: the project was created does not exist
2016-12-22 20:10:43 INFO  - Name of class: CreateStoryTestMessage: Verify that is possible create a Story on the project.
2016-12-22 20:10:49 INFO  - Name of class: CreateStoryTestMessage: Expect result: Story test was add on the project.
2016-12-22 20:11:00 INFO  - Name of class: CreateDescriptionTestMessage: Verify that is possible add a description on the story.
2016-12-22 20:11:06 INFO  - Name of class: CreateDescriptionTestMessage: Expect result: Description was add on the story.
2016-12-22 20:13:02 INFO  - Name of class: CreatePrivateProjectTestMessage: Verify that is possible add a private project.
2016-12-22 20:13:30 INFO  - Name of class: CreatePrivateProjectTestMessage: Verify that is possible add a private project.
2016-12-22 20:13:44 INFO  - Name of class: CreatePrivateProjectTestMessage: Expect result: The project was created is private.
2016-12-22 20:13:47 INFO  - Name of class: CreatePublicProjectTestMessage: Verify that is possible add a public project.
2016-12-22 20:14:01 INFO  - Name of class: CreatePrivateProjectTestMessage: Expect result: The project was created is public.
2016-12-22 20:14:10 INFO  - Name of class: ModifyProjectTestMessage: Verify that is possible modify the name of a project.
2016-12-22 20:14:26 INFO  - Name of class: ModifyProjectTestMessage: Expect result: The project has correctly changed its name.
2016-12-22 20:14:32 INFO  - Name of class: TestCreateAccountMessage: Verify that is possible a account.
2016-12-22 20:14:43 INFO  - Name of class: TestCreateAccountMessage: Expect result: The account was created.
2016-12-22 20:14:45 INFO  - Name of class: TestDeleteProjectMessage: Verify that is possible delete a project.
2016-12-22 20:14:59 INFO  - Name of class: TestDeleteProjectMessage: Test Delete Project
2016-12-22 20:15:08 INFO  - Name of class: TestDeleteProjectMessage: Expect result: the project was created does not exist
2016-12-22 20:15:14 INFO  - Name of class: CreateStoryTestMessage: Verify that is possible create a Story on the project.
2016-12-22 20:15:20 INFO  - Name of class: CreateStoryTestMessage: Expect result: Story test was add on the project.
2016-12-22 20:15:38 INFO  - Name of class: CreateDescriptionTestMessage: Verify that is possible add a description on the story.
2016-12-22 20:31:55 INFO  - Name of class: CreatePrivateProjectTestMessage: Verify that is possible add a private project.
2016-12-22 20:32:11 INFO  - Name of class: CreatePrivateProjectTestMessage: Expect result: The project was created is private.
2016-12-22 20:32:13 INFO  - Name of class: CreatePublicProjectTestMessage: Verify that is possible add a public project.
2016-12-22 20:32:27 INFO  - Name of class: CreatePrivateProjectTestMessage: Expect result: The project was created is public.
2016-12-22 20:32:29 INFO  - Name of class: ModifyProjectTestMessage: Verify that is possible modify the name of a project.
2016-12-22 20:32:45 INFO  - Name of class: ModifyProjectTestMessage: Expect result: The project has correctly changed its name.
2016-12-22 20:32:51 INFO  - Name of class: TestCreateAccountMessage: Verify that is possible a account.
2016-12-22 20:33:03 INFO  - Name of class: TestCreateAccountMessage: Expect result: The account was created.
2016-12-22 20:33:07 INFO  - Name of class: TestDeleteProjectMessage: Verify that is possible delete a project.
2016-12-22 20:33:16 INFO  - Name of class: TestDeleteProjectMessage: Test Delete Project
2016-12-22 20:33:25 INFO  - Name of class: TestDeleteProjectMessage: Expect result: the project was created does not exist
2016-12-22 20:50:17 INFO  - Name of class: CreatePrivateProjectTestMessage: Verify that is possible add a private project.
2016-12-22 20:50:31 INFO  - Name of class: CreatePrivateProjectTestMessage: Expect result: The project was created is private.
2016-12-22 20:50:33 INFO  - Name of class: CreatePublicProjectTestMessage: Verify that is possible add a public project.
2016-12-22 20:50:44 INFO  - Name of class: CreatePrivateProjectTestMessage: Expect result: The project was created is public.
2016-12-22 20:50:46 INFO  - Name of class: ModifyProjectTestMessage: Verify that is possible modify the name of a project.
2016-12-22 20:50:58 INFO  - Name of class: ModifyProjectTestMessage: Expect result: The project has correctly changed its name.
2016-12-22 20:51:02 INFO  - Name of class: TestCreateAccountMessage: Verify that is possible a account.
2016-12-22 20:51:11 INFO  - Name of class: TestCreateAccountMessage: Expect result: The account was created.
2016-12-22 20:51:13 INFO  - Name of class: TestDeleteProjectMessage: Verify that is possible delete a project.
2016-12-22 20:51:31 INFO  - Name of class: TestDeleteProjectMessage: Test Delete Project
2016-12-22 20:51:39 INFO  - Name of class: TestDeleteProjectMessage: Expect result: the project was created does not exist
2016-12-22 20:53:19 INFO  - Name of class: CreatePrivateProjectTestMessage: Verify that is possible add a private project.
2016-12-22 20:53:31 INFO  - Name of class: CreatePrivateProjectTestMessage: Expect result: The project was created is private.
2016-12-22 20:53:36 INFO  - Name of class: CreatePublicProjectTestMessage: Verify that is possible add a public project.
2016-12-22 20:54:37 INFO  - Name of class: CreatePrivateProjectTestMessage: Verify that is possible add a private project.
2016-12-22 20:54:51 INFO  - Name of class: CreatePrivateProjectTestMessage: Expect result: The project was created is private.
2016-12-22 20:54:55 INFO  - Name of class: CreatePublicProjectTestMessage: Verify that is possible add a public project.
2016-12-22 20:55:17 INFO  - Name of class: CreatePrivateProjectTestMessage: Verify that is possible add a private project.
2016-12-22 20:55:30 INFO  - Name of class: CreatePrivateProjectTestMessage: Expect result: The project was created is private.
2016-12-22 20:55:33 INFO  - Name of class: CreatePublicProjectTestMessage: Verify that is possible add a public project.
2016-12-22 20:55:45 INFO  - Name of class: CreatePrivateProjectTestMessage: Expect result: The project was created is public.
2016-12-22 20:55:48 INFO  - Name of class: ModifyProjectTestMessage: Verify that is possible modify the name of a project.
2016-12-22 20:56:04 INFO  - Name of class: ModifyProjectTestMessage: Expect result: The project has correctly changed its name.
2016-12-22 20:56:08 INFO  - Name of class: TestCreateAccountMessage: Verify that is possible a account.
2016-12-22 20:56:17 INFO  - Name of class: TestCreateAccountMessage: Expect result: The account was created.
2016-12-22 20:56:20 INFO  - Name of class: TestDeleteProjectMessage: Verify that is possible delete a project.
2016-12-22 20:56:25 INFO  - Name of class: TestDeleteProjectMessage: Test Delete Project
2016-12-22 20:56:34 INFO  - Name of class: TestDeleteProjectMessage: Expect result: the project was created does not exist
2016-12-22 21:05:47 INFO  - Name of class: CreatePrivateProjectTestMessage: Verify that is possible add a private project.
2016-12-22 21:06:04 INFO  - Name of class: CreatePrivateProjectTestMessage: Expect result: The project was created is private.
2016-12-22 21:06:07 INFO  - Name of class: CreatePublicProjectTestMessage: Verify that is possible add a public project.
2016-12-22 21:06:29 INFO  - Name of class: CreatePrivateProjectTestMessage: Expect result: The project was created is public.
2016-12-22 21:06:32 INFO  - Name of class: ModifyProjectTestMessage: Verify that is possible modify the name of a project.
2016-12-22 21:06:46 INFO  - Name of class: ModifyProjectTestMessage: Expect result: The project has correctly changed its name.
2016-12-22 21:06:50 INFO  - Name of class: TestCreateAccountMessage: Verify that is possible a account.
2016-12-22 21:07:03 INFO  - Name of class: TestCreateAccountMessage: Expect result: The account was created.
2016-12-22 21:07:08 INFO  - Name of class: TestDeleteProjectMessage: Verify that is possible delete a project.
2016-12-22 21:07:12 INFO  - Name of class: TestDeleteProjectMessage: Test Delete Project
2016-12-22 21:07:26 INFO  - Name of class: TestDeleteProjectMessage: Expect result: the project was created does not exist
2016-12-22 21:08:06 INFO  - Name of class: CreatePrivateProjectTestMessage: Verify that is possible add a private project.
2016-12-22 21:08:20 INFO  - Name of class: CreatePrivateProjectTestMessage: Expect result: The project was created is private.
2016-12-22 21:08:23 INFO  - Name of class: CreatePublicProjectTestMessage: Verify that is possible add a public project.
2016-12-22 21:08:38 INFO  - Name of class: CreatePrivateProjectTestMessage: Expect result: The project was created is public.
2016-12-22 21:08:40 INFO  - Name of class: ModifyProjectTestMessage: Verify that is possible modify the name of a project.
2016-12-22 21:08:55 INFO  - Name of class: ModifyProjectTestMessage: Expect result: The project has correctly changed its name.
2016-12-22 21:08:59 INFO  - Name of class: TestCreateAccountMessage: Verify that is possible a account.
2016-12-22 21:09:14 INFO  - Name of class: TestCreateAccountMessage: Expect result: The account was created.
2016-12-22 21:09:18 INFO  - Name of class: TestDeleteProjectMessage: Verify that is possible delete a project.
2016-12-22 21:09:23 INFO  - Name of class: TestDeleteProjectMessage: Test Delete Project
2016-12-22 21:09:32 INFO  - Name of class: TestDeleteProjectMessage: Expect result: the project was created does not exist
2016-12-22 21:13:40 INFO  - Name of class: CreatePrivateProjectTestMessage: Verify that is possible add a private project.
2016-12-22 21:13:53 INFO  - Name of class: CreatePrivateProjectTestMessage: Expect result: The project was created is private.
2016-12-22 21:13:56 INFO  - Name of class: CreatePublicProjectTestMessage: Verify that is possible add a public project.
2016-12-22 21:14:08 INFO  - Name of class: CreatePrivateProjectTestMessage: Expect result: The project was created is public.
2016-12-22 21:14:12 INFO  - Name of class: ModifyProjectTestMessage: Verify that is possible modify the name of a project.
2016-12-22 21:14:25 INFO  - Name of class: ModifyProjectTestMessage: Expect result: The project has correctly changed its name.
2016-12-22 21:14:28 INFO  - Name of class: TestCreateAccountMessage: Verify that is possible a account.
2016-12-22 21:14:39 INFO  - Name of class: TestCreateAccountMessage: Expect result: The account was created.
2016-12-22 21:14:42 INFO  - Name of class: TestDeleteProjectMessage: Verify that is possible delete a project.
2016-12-22 21:14:51 INFO  - Name of class: TestDeleteProjectMessage: Test Delete Project
2016-12-22 21:15:02 INFO  - Name of class: TestDeleteProjectMessage: Expect result: the project was created does not exist
2016-12-22 21:15:47 INFO  - Name of class: CreatePrivateProjectTestMessage: Verify that is possible add a private project.
2016-12-22 21:16:03 INFO  - Name of class: CreatePrivateProjectTestMessage: Expect result: The project was created is private.
2016-12-22 21:16:05 INFO  - Name of class: CreatePublicProjectTestMessage: Verify that is possible add a public project.
2016-12-22 21:16:16 INFO  - Name of class: CreatePrivateProjectTestMessage: Expect result: The project was created is public.
2016-12-22 21:16:19 INFO  - Name of class: ModifyProjectTestMessage: Verify that is possible modify the name of a project.
2016-12-22 21:16:34 INFO  - Name of class: ModifyProjectTestMessage: Expect result: The project has correctly changed its name.
2016-12-22 21:16:36 INFO  - Name of class: TestCreateAccountMessage: Verify that is possible a account.
2016-12-22 21:16:50 INFO  - Name of class: TestCreateAccountMessage: Expect result: The account was created.
2016-12-22 21:16:52 INFO  - Name of class: TestDeleteProjectMessage: Verify that is possible delete a project.
2016-12-22 21:16:58 INFO  - Name of class: TestDeleteProjectMessage: Test Delete Project
2016-12-22 21:17:08 INFO  - Name of class: TestDeleteProjectMessage: Expect result: the project was created does not exist
2016-12-22 21:17:12 INFO  - Name of class: CreateStoryTestMessage: Verify that is possible create a Story on the project.
2016-12-22 21:17:19 INFO  - Name of class: CreateStoryTestMessage: Expect result: Story test was add on the project.
2016-12-22 21:21:35 INFO  - Name of class: CreatePrivateProjectTestMessage: Verify that is possible add a private project.
2016-12-22 21:21:53 INFO  - Name of class: CreatePrivateProjectTestMessage: Expect result: The project was created is private.
2016-12-22 21:21:57 INFO  - Name of class: CreatePublicProjectTestMessage: Verify that is possible add a public project.
2016-12-22 21:22:13 INFO  - Name of class: CreatePrivateProjectTestMessage: Expect result: The project was created is public.
2016-12-22 21:22:15 INFO  - Name of class: ModifyProjectTestMessage: Verify that is possible modify the name of a project.
2016-12-22 21:22:42 INFO  - Name of class: ModifyProjectTestMessage: Expect result: The project has correctly changed its name.
2016-12-22 21:22:45 INFO  - Name of class: TestCreateAccountMessage: Verify that is possible a account.
2016-12-22 21:22:57 INFO  - Name of class: TestCreateAccountMessage: Expect result: The account was created.
2016-12-22 21:23:00 INFO  - Name of class: TestDeleteProjectMessage: Verify that is possible delete a project.
2016-12-22 21:23:05 INFO  - Name of class: TestDeleteProjectMessage: Test Delete Project
2016-12-22 21:23:47 INFO  - Name of class: TestCreateTaskMessage: Test create task
2016-12-22 21:23:53 INFO  - Name of class: TestCreateTaskMessage: Verify that the task is create correctly
2016-12-22 21:25:33 INFO  - Name of class: CreatePrivateProjectTestMessage: Verify that is possible add a private project.
2016-12-22 21:25:49 INFO  - Name of class: CreatePrivateProjectTestMessage: Expect result: The project was created is private.
2016-12-22 21:25:51 INFO  - Name of class: CreatePublicProjectTestMessage: Verify that is possible add a public project.
2016-12-22 21:26:03 INFO  - Name of class: CreatePrivateProjectTestMessage: Expect result: The project was created is public.
2016-12-22 21:26:06 INFO  - Name of class: ModifyProjectTestMessage: Verify that is possible modify the name of a project.
2016-12-22 21:26:21 INFO  - Name of class: ModifyProjectTestMessage: Expect result: The project has correctly changed its name.
2016-12-22 21:26:24 INFO  - Name of class: TestCreateAccountMessage: Verify that is possible a account.
2016-12-22 21:26:45 INFO  - Name of class: TestCreateAccountMessage: Expect result: The account was created.
2016-12-22 21:26:47 INFO  - Name of class: TestDeleteProjectMessage: Verify that is possible delete a project.
2016-12-22 21:26:53 INFO  - Name of class: TestDeleteProjectMessage: Test Delete Project
2016-12-22 21:30:29 INFO  - Name of class: TestCreateWorkspaceMessage: Verify that is possible create a Workspace.
2016-12-22 21:30:34 INFO  - Name of class: TestCreateWorkspaceMessage: Expect result: A new workspace was create success.
2016-12-22 21:30:44 INFO  - Name of class: TestDeleteWorkspaceMessage: Verify that is possible delete a workspace.
2016-12-22 21:30:57 INFO  - Name of class: TestDeleteWorkspaceMessage: Expect result: Workspace was delete success.
2016-12-22 21:31:02 INFO  - Name of class: AddWorkspaceProjectsMessage: Verify that is possible add a project on the workspace.
2016-12-22 21:31:45 INFO  - Name of class: RemoveWorkspaceProjectsMessage: Verify that is possible remove a project on the workspace.
2016-12-22 21:32:30 INFO  - Name of class: DeleteWorkspaceWithProjectMessage: Verify that is possible delete a workspace with projects added.
2016-12-22 21:33:54 INFO  - Name of class: CreateStoryTestMessage: Verify that is possible create a Story on the project.
2016-12-22 21:34:00 INFO  - Name of class: CreateStoryTestMessage: Expect result: Story test was add on the project.
2016-12-22 21:41:18 INFO  - Name of class: TestCreateTaskMessage: Test create task
2016-12-23 08:21:37 INFO  - Name of class: CreatePrivateProjectTestMessage: Verify that is possible add a private project.
2016-12-23 08:21:52 INFO  - Name of class: CreatePrivateProjectTestMessage: Expect result: The project was created is private.
2016-12-23 08:21:56 INFO  - Name of class: CreatePublicProjectTestMessage: Verify that is possible add a public project.
2016-12-23 08:22:09 INFO  - Name of class: CreatePrivateProjectTestMessage: Expect result: The project was created is public.
2016-12-23 08:24:25 INFO  - Name of class: CreatePrivateProjectTestMessage: Verify that is possible add a private project.
2016-12-23 08:24:42 INFO  - Name of class: CreatePrivateProjectTestMessage: Expect result: The project was created is private.
2016-12-23 08:24:51 INFO  - Name of class: TestCreateWorkspaceMessage: Verify that is possible create a Workspace.
2016-12-23 08:24:55 INFO  - Name of class: TestCreateWorkspaceMessage: Expect result: A new workspace was create success.
2016-12-23 08:25:28 INFO  - Name of class: CreatePrivateProjectTestMessage: Verify that is possible add a private project.
2016-12-23 08:25:44 INFO  - Name of class: CreatePrivateProjectTestMessage: Expect result: The project was created is private.
2016-12-23 08:27:08 INFO  - Name of class: CreatePrivateProjectTestMessage: Verify that is possible add a private project.
2016-12-23 08:27:23 INFO  - Name of class: CreatePrivateProjectTestMessage: Expect result: The project was created is private.
2016-12-23 08:27:55 INFO  - Name of class: CreatePrivateProjectTestMessage: Verify that is possible add a private project.
2016-12-23 08:28:15 INFO  - Name of class: CreatePrivateProjectTestMessage: Expect result: The project was created is private.
2016-12-23 08:30:04 INFO  - Name of class: TestCreateWorkspaceMessage: Verify that is possible create a Workspace.
2016-12-23 08:30:10 INFO  - Name of class: TestCreateWorkspaceMessage: Expect result: A new workspace was create success.
2016-12-23 08:30:37 INFO  - Name of class: CreatePrivateProjectTestMessage: Verify that is possible add a private project.
2016-12-23 08:30:52 INFO  - Name of class: CreatePrivateProjectTestMessage: Expect result: The project was created is private.
2016-12-23 08:33:37 INFO  - Name of class: CreatePrivateProjectTestMessage: Verify that is possible add a private project.
2016-12-23 08:33:53 INFO  - Name of class: CreatePrivateProjectTestMessage: Expect result: The project was created is private.
2016-12-23 08:34:32 INFO  - Name of class: CreatePrivateProjectTestMessage: Verify that is possible add a private project.
2016-12-23 08:34:50 INFO  - Name of class: CreatePrivateProjectTestMessage: Expect result: The project was created is private.
2016-12-23 08:34:59 INFO  - Name of class: TestCreateWorkspaceMessage: Verify that is possible create a Workspace.
2016-12-23 08:35:03 INFO  - Name of class: TestCreateWorkspaceMessage: Expect result: A new workspace was create success.
2016-12-23 08:36:28 INFO  - Name of class: TestCreateWorkspaceMessage: Verify that is possible create a Workspace.
2016-12-23 08:36:44 INFO  - Name of class: TestCreateWorkspaceMessage: Expect result: A new workspace was create success.
2016-12-23 08:37:11 INFO  - Name of class: CreatePrivateProjectTestMessage: Verify that is possible add a private project.
2016-12-23 08:37:25 INFO  - Name of class: CreatePrivateProjectTestMessage: Expect result: The project was created is private.
2016-12-23 08:43:20 INFO  - Name of class: CreatePrivateProjectTestMessage: Verify that is possible add a private project.
2016-12-23 08:43:41 INFO  - Name of class: CreatePrivateProjectTestMessage: Expect result: The project was created is private.
2016-12-23 08:44:44 INFO  - Name of class: CreatePrivateProjectTestMessage: Verify that is possible add a private project.
2016-12-23 08:45:01 INFO  - Name of class: CreatePrivateProjectTestMessage: Expect result: The project was created is private.
2016-12-23 08:45:25 INFO  - Name of class: CreatePrivateProjectTestMessage: Verify that is possible add a private project.
2016-12-23 08:45:44 INFO  - Name of class: CreatePrivateProjectTestMessage: Expect result: The project was created is private.
2016-12-23 08:47:20 INFO  - Name of class: CreatePrivateProjectTestMessage: Verify that is possible add a private project.
2016-12-23 08:47:36 INFO  - Name of class: CreatePrivateProjectTestMessage: Expect result: The project was created is private.
2016-12-23 08:47:47 INFO  - Name of class: TestCreateWorkspaceMessage: Verify that is possible create a Workspace.
2016-12-23 08:47:50 INFO  - Name of class: TestCreateWorkspaceMessage: Expect result: A new workspace was create success.
2016-12-23 08:48:25 INFO  - Name of class: CreatePrivateProjectTestMessage: Verify that is possible add a private project.
2016-12-23 08:48:46 INFO  - Name of class: CreatePrivateProjectTestMessage: Expect result: The project was created is private.
2016-12-23 08:57:09 INFO  - Name of class: CreatePrivateProjectTestMessage: Verify that is possible add a private project.
2016-12-23 08:57:24 INFO  - Name of class: CreatePrivateProjectTestMessage: Expect result: The project was created is private.
2016-12-23 08:58:12 INFO  - Name of class: TestVerifyQuickStartPageMessage: Test Quick Start Page
2016-12-23 08:58:39 INFO  - Name of class: TestVerifyQuickStartPageMessage: Verify that Quick Start title is the same as the Quick Page tab title
2016-12-23 08:58:51 INFO  - Name of class: TestLearnMoreMessage: Test Learn More Page
2016-12-23 08:59:18 INFO  - Name of class: TestLearnMoreMessage: Verify that Learn More page title is the same as the Learn More tab
2016-12-23 08:59:25 INFO  - Name of class: TestFeedBackMessage: Test FeedBack Page
2016-12-23 08:59:51 INFO  - Name of class: TestFeedBackMessage: Verify that FeedBack page title is the same as the feedback tab title
2016-12-23 08:59:59 INFO  - Name of class: TestContactSupportMessage: Test Contact Support Page
2016-12-23 09:00:25 INFO  - Name of class: TestContactSupportMessage: Verify that Contact Link redirects to Contact Support and page title is ¨Contact Support
